<?xml version="1.0" encoding="UTF-8"?>
<testsuite name="AnagramTest" tests="12" skipped="11" failures="0" errors="0" timestamp="2019-10-09T19:54:54" hostname="ltimertzanidis" time="0.057">
  <properties/>
  <testcase name="doesNotDetectAnagramSubsets" classname="AnagramTest" time="0.0">
    <skipped/>
  </testcase>
  <testcase name="detectsTwoAnagrams" classname="AnagramTest" time="0.0">
    <skipped/>
  </testcase>
  <testcase name="detectsAnagramsCaseInsensitively" classname="AnagramTest" time="0.0">
    <skipped/>
  </testcase>
  <testcase name="doesNotDetectIdenticalUppercasedWordAsAnagram" classname="AnagramTest" time="0.0">
    <skipped/>
  </testcase>
  <testcase name="doesNotDetectNonAnagramsWithIdenticalChecksums" classname="AnagramTest" time="0.0">
    <skipped/>
  </testcase>
  <testcase name="detectsAnagramsUsingCaseInsensitiveCandidates" classname="AnagramTest" time="0.0">
    <skipped/>
  </testcase>
  <testcase name="detectsAnagram" classname="AnagramTest" time="0.0">
    <skipped/>
  </testcase>
  <testcase name="anagramsMustUseAllLettersExactlyOnce" classname="AnagramTest" time="0.0">
    <skipped/>
  </testcase>
  <testcase name="doesNotDetectAnAnagramIfTheOriginalWordIsRepeated" classname="AnagramTest" time="0.0">
    <skipped/>
  </testcase>
  <testcase name="detectsThreeAnagrams" classname="AnagramTest" time="0.0">
    <skipped/>
  </testcase>
  <testcase name="detectsAnagramsUsingCaseInsensitiveSubject" classname="AnagramTest" time="0.0">
    <skipped/>
  </testcase>
  <testcase name="noMatches" classname="AnagramTest" time="0.048"/>
  <system-out><![CDATA[]]></system-out>
  <system-err><![CDATA[]]></system-err>
</testsuite>
